<?xml version="1.0" encoding="UTF-8"?>
<!-- Generated by org.testng.reporters.JUnitXMLReporter -->
<testsuite ignored="0" hostname="LAPTOP-4NH819PF" failures="1" tests="1" name="Test(failed)(failed)" time="25.029" errors="0" timestamp="2022-05-30T15:52:36 IST">
  <testcase classname="com.OrganizationTest.CreateOrganizationTest" name="createOrganizationTest" time="9.874">
    <failure type="java.lang.AssertionError" message="null">
      <![CDATA[java.lang.AssertionError: null
at com.OrganizationTest.CreateOrganizationTest.createOrganizationTest(CreateOrganizationTest.java:25)
at java.base/java.util.ArrayList.forEach(ArrayList.java:1511)
... Removed 29 stack frames]]>
    </failure>
  </testcase> <!-- createOrganizationTest -->
</testsuite> <!-- Test(failed)(failed) -->
