<?xml version="1.0" encoding="UTF-8"?>
<!-- Generated by org.testng.reporters.JUnitXMLReporter -->
<testsuite ignored="2" hostname="LAPTOP-4NH819PF" failures="1" tests="2" name="Test(failed)" time="50.656" errors="0" timestamp="2022-05-30T15:50:49 IST">
  <testcase classname="com.DocumentsTest.CreateDocumentTest" name="createDocumentTest" time="14.008"/>
  <testcase classname="com.OrganizationTest.CreateOrganizationTest" name="createOrganizationTest" time="8.898">
    <failure type="java.lang.AssertionError" message="null">
      <![CDATA[java.lang.AssertionError: null
at com.OrganizationTest.CreateOrganizationTest.createOrganizationTest(CreateOrganizationTest.java:25)
at java.base/java.util.ArrayList.forEach(ArrayList.java:1511)
... Removed 29 stack frames]]>
    </failure>
  </testcase> <!-- createOrganizationTest -->
  <testcase classname="com.Sdet32l1.GenricScript.BaseClass" name="@BeforeSuite beforeSuite" time="0.0">
    <ignored/>
  </testcase> <!-- @BeforeSuite beforeSuite -->
  <testcase classname="com.Sdet32l1.GenricScript.BaseClass" name="@AfterSuite afterSuite" time="0.0">
    <ignored/>
  </testcase> <!-- @AfterSuite afterSuite -->
</testsuite> <!-- Test(failed) -->
